<?xml version="1.0" encoding="UTF-8"?>
<!-- Generated by org.testng.reporters.JUnitReportReporter -->
<testsuite hostname="Anish-PC" failures="0" tests="1" name="com.test.RecipeScrapperTest" time="27.971" errors="0" timestamp="2023-12-13T09:38:33 CST" skipped="0">
  <testcase classname="com.test.RecipeScrapperTest" name="DiebiaticRecipe" time="27.971"/>
</testsuite> <!-- com.test.RecipeScrapperTest -->
