<?xml version="1.0" encoding="UTF-8"?>
<!-- Generated by org.testng.reporters.JUnitReportReporter -->
<testsuite hostname="Anish-PC" failures="0" tests="1" name="com.test.RecipeScrapperTest" time="1005.639" errors="0" timestamp="2023-12-17T12:04:01 CST" skipped="0">
  <testcase classname="com.test.RecipeScrapperTest" name="DiabeticRecipeTest" time="1005.639"/>
</testsuite> <!-- com.test.RecipeScrapperTest -->
