<?xml version="1.0" encoding="UTF-8"?>
<!-- Generated by org.testng.reporters.JUnitReportReporter -->
<testsuite hostname="DESKTOP-89HMT6O" failures="0" tests="1" name="com.test.RecipeScrapperTest" time="1240.218" errors="0" timestamp="2023-12-18T12:37:36 GMT-05:00" skipped="0">
  <testcase classname="com.test.RecipeScrapperTest" name="hyothyriodRecipeTest" time="1240.218"/>
</testsuite> <!-- com.test.RecipeScrapperTest -->
