<?xml version="1.0" encoding="UTF-8"?>
<!-- Generated by org.testng.reporters.JUnitReportReporter -->
<testsuite hostname="Anish-PC" failures="0" tests="1" name="com.test.RecipeScrapperTest" time="1453.149" errors="0" timestamp="2023-12-17T04:13:39 CST" skipped="0">
  <testcase classname="com.test.RecipeScrapperTest" name="DiabeticRecipeTest" time="1453.149"/>
</testsuite> <!-- com.test.RecipeScrapperTest -->
