<?xml version="1.0" encoding="UTF-8"?>
<!-- Generated by org.testng.reporters.JUnitReportReporter -->
<testsuite hostname="DESKTOP-89HMT6O" failures="0" tests="1" name="com.test.RecipeScrapperTest" time="970.615" errors="0" timestamp="2023-12-15T14:54:20 GMT-05:00" skipped="0">
  <testcase classname="com.test.RecipeScrapperTest" name="DiabeticRecipeTest" time="970.615"/>
</testsuite> <!-- com.test.RecipeScrapperTest -->
