<?xml version="1.0" encoding="UTF-8"?>
<!-- Generated by org.testng.reporters.JUnitReportReporter -->
<testsuite hostname="Anish-PC" failures="0" tests="1" name="com.test.RecipeScrapperTest" time="55.546" errors="0" timestamp="2023-12-13T10:01:56 CST" skipped="0">
  <testcase classname="com.test.RecipeScrapperTest" name="DiebiaticRecipe" time="55.546"/>
</testsuite> <!-- com.test.RecipeScrapperTest -->
