<?xml version="1.0" encoding="UTF-8"?>
<!-- Generated by org.testng.reporters.JUnitReportReporter -->
<testsuite hostname="Anish-PC" failures="0" tests="1" name="com.test.RecipeScrapperTest" time="11853.086" errors="0" timestamp="2023-12-19T17:42:44 CST" skipped="0">
  <testcase classname="com.test.RecipeScrapperTest" name="hyothyriodRecipeTest" time="11853.086"/>
</testsuite> <!-- com.test.RecipeScrapperTest -->
