<?xml version="1.0" encoding="UTF-8"?>
<!-- Generated by org.testng.reporters.JUnitReportReporter -->
<testsuite hostname="Anish-PC" failures="0" tests="1" name="com.test.RecipeScrapperTest" time="259.137" errors="0" timestamp="2023-12-15T15:03:16 CST" skipped="0">
  <testcase classname="com.test.RecipeScrapperTest" name="DiabeticRecipeTest" time="259.137"/>
</testsuite> <!-- com.test.RecipeScrapperTest -->
